<?xml version="1.0" encoding="UTF-8"?>
<testsuite name="dev.estudos.kotlin.exercicios.PointTest" tests="1" skipped="0" failures="0" errors="0" timestamp="2021-02-01T22:22:02" hostname="deltabravo-7472" time="0.004">
  <properties/>
  <testcase name="distanceTo" classname="dev.estudos.kotlin.exercicios.PointTest" time="0.004"/>
  <system-out><![CDATA[]]></system-out>
  <system-err><![CDATA[]]></system-err>
</testsuite>
